Assuming unrestricted shared filesystem usage.
None
host: m62hfk4q5n
Building DAG of jobs...
Using shell: /bin/bash
Provided cores: 10
Rules claiming more threads will be scaled down.
Job stats:
job            count
-----------  -------
equilibrate        1
total              1

Select jobs to execute...
Execute 1 jobs...
[Tue Oct 14 12:51:37 2025]
localrule equilibrate:
    input: topol.top, step4.1_equilibration.mdp, step3_input.gro, index.ndx
    output: step4.1_equilibration.tpr, step4.1_equilibration.gro, step4.1_equilibration.log, step4.1_equilibration.edr
    log: logs/step4.1_equilibration.log
    jobid: 0
    reason: Missing output files: step4.1_equilibration.gro, step4.1_equilibration.log, step4.1_equilibration.edr, step4.1_equilibration.tpr
    resources: tmpdir=/var/folders/82/r9fmn2fx27v_rc8gv8m59hz80000gn/T

Waiting for more resources.
RuleException:
CalledProcessError in file "/Users/michael.dondrup/Downloads/charmm-gui-6035451184/gromacs/Snakefile", line 57:
Command 'set -euo pipefail;  
        gmx grompp -f step4.1_equilibration.mdp -o step4.1_equilibration.tpr            -c step3_input.gro            -r step3_input.gro            -p topol.top            -n index.ndx            -maxwarn 1 2>&1 | tee logs/step4.1_equilibration.log
        gmx mdrun -v -deffnm step4.1_equilibration 2>&1 | tee logs/step4.1_equilibration.log' returned non-zero exit status 1.
[Tue Oct 14 12:51:39 2025]
Error in rule equilibrate:
    message: None
    jobid: 0
    input: topol.top, step4.1_equilibration.mdp, step3_input.gro, index.ndx
    output: step4.1_equilibration.tpr, step4.1_equilibration.gro, step4.1_equilibration.log, step4.1_equilibration.edr
    log: logs/step4.1_equilibration.log (check log file(s) for error details)
    shell:
        
        gmx grompp -f step4.1_equilibration.mdp -o step4.1_equilibration.tpr            -c step3_input.gro            -r step3_input.gro            -p topol.top            -n index.ndx            -maxwarn 1 2>&1 | tee logs/step4.1_equilibration.log
        gmx mdrun -v -deffnm step4.1_equilibration 2>&1 | tee logs/step4.1_equilibration.log
        
        (command exited with non-zero exit code)
Removing output files of failed job equilibrate since they might be corrupted:
step4.1_equilibration.tpr, step4.1_equilibration.log, step4.1_equilibration.edr
Shutting down, this might take some time.
Exiting because a job execution failed. Look below for error messages
[Tue Oct 14 12:51:39 2025]
Error in rule equilibrate:
    message: None
    jobid: 0
    input: topol.top, step4.1_equilibration.mdp, step3_input.gro, index.ndx
    output: step4.1_equilibration.tpr, step4.1_equilibration.gro, step4.1_equilibration.log, step4.1_equilibration.edr
    log: logs/step4.1_equilibration.log (check log file(s) for error details)
    shell:
        
        gmx grompp -f step4.1_equilibration.mdp -o step4.1_equilibration.tpr            -c step3_input.gro            -r step3_input.gro            -p topol.top            -n index.ndx            -maxwarn 1 2>&1 | tee logs/step4.1_equilibration.log
        gmx mdrun -v -deffnm step4.1_equilibration 2>&1 | tee logs/step4.1_equilibration.log
        
        (command exited with non-zero exit code)
Complete log(s): /Users/michael.dondrup/Downloads/charmm-gui-6035451184/gromacs/.snakemake/log/2025-10-14T125136.995784.snakemake.log
WorkflowError:
At least one job did not complete successfully.
