Assuming unrestricted shared filesystem usage.
None
host: m62hfk4q5n
Building DAG of jobs...
Using shell: /bin/bash
Provided cores: 10
Rules claiming more threads will be scaled down.
Job stats:
job            count
-----------  -------
equilibrate        1
total              1

Select jobs to execute...
Execute 1 jobs...
[Tue Oct 14 12:52:10 2025]
localrule equilibrate:
    input: topol.top, step4.1_equilibration.mdp, step3_input.gro, index.ndx
    output: step4.1_equilibration.tpr, step4.1_equilibration.gro, step4.1_equilibration.log, step4.1_equilibration.edr
    log: logs/step4.1_equilibration.log
    jobid: 0
    reason: Missing output files: step4.1_equilibration.edr, step4.1_equilibration.gro, step4.1_equilibration.log, step4.1_equilibration.tpr
    resources: tmpdir=/var/folders/82/r9fmn2fx27v_rc8gv8m59hz80000gn/T

Waiting for more resources.
[Tue Oct 14 12:52:35 2025]
Finished jobid: 0 (Rule: equilibrate)
1 of 1 steps (100%) done
Complete log(s): /Users/michael.dondrup/Downloads/charmm-gui-6035451184/gromacs/.snakemake/log/2025-10-14T125210.312439.snakemake.log
