Assuming unrestricted shared filesystem usage.
None
host: m62hfk4q5n
Building DAG of jobs...
Using shell: /bin/bash
Provided cores: 10
Rules claiming more threads will be scaled down.
Job stats:
job              count
-------------  -------
all                  1
equilibrate          1
minimize             1
production_1         1
production_10        1
production_2         1
production_3         1
production_4         1
production_5         1
production_6         1
production_7         1
production_8         1
production_9         1
total               13

Select jobs to execute...
Execute 1 jobs...
[Tue Oct 14 15:10:24 2025]
Job 12: Running energy minimization
Reason: Missing output files: step4.0_minimization.gro; Code has changed since last execution

Waiting for more resources.
[Tue Oct 14 15:10:33 2025]
Finished jobid: 12 (Rule: minimize)
1 of 13 steps (8%) done
Select jobs to execute...
Execute 1 jobs...
[Tue Oct 14 15:10:33 2025]
Job 11: Running equilibration
Reason: Missing output files: step4.1_equilibration.gro; Input files updated by another job: step4.0_minimization.gro

Waiting for more resources.
[Tue Oct 14 15:10:53 2025]
Finished jobid: 11 (Rule: equilibrate)
2 of 13 steps (15%) done
Select jobs to execute...
Execute 1 jobs...
[Tue Oct 14 15:10:53 2025]
Job 10: Running production step 1
Reason: Missing output files: step5_1.gro, step5_1.cpt; Input files updated by another job: step4.1_equilibration.gro

Waiting for more resources.
[Tue Oct 14 15:11:51 2025]
Finished jobid: 10 (Rule: production_1)
3 of 13 steps (23%) done
Select jobs to execute...
Execute 1 jobs...
[Tue Oct 14 15:11:51 2025]
Job 9: Running production step 2
Reason: Missing output files: step5_2.cpt, step5_2.gro; Input files updated by another job: step5_1.gro, step5_1.cpt

Waiting for more resources.
[Tue Oct 14 15:12:47 2025]
Finished jobid: 9 (Rule: production_2)
4 of 13 steps (31%) done
Select jobs to execute...
Execute 1 jobs...
[Tue Oct 14 15:12:47 2025]
Job 8: Running production step 3
Reason: Missing output files: step5_3.cpt, step5_3.gro; Input files updated by another job: step5_2.cpt, step5_2.gro

Waiting for more resources.
[Tue Oct 14 15:13:48 2025]
Finished jobid: 8 (Rule: production_3)
5 of 13 steps (38%) done
Select jobs to execute...
Execute 1 jobs...
[Tue Oct 14 15:13:48 2025]
Job 7: Running production step 4
Reason: Missing output files: step5_4.cpt, step5_4.gro; Input files updated by another job: step5_3.cpt, step5_3.gro

Waiting for more resources.
[Tue Oct 14 15:14:55 2025]
Finished jobid: 7 (Rule: production_4)
6 of 13 steps (46%) done
Select jobs to execute...
Execute 1 jobs...
[Tue Oct 14 15:14:55 2025]
Job 6: Running production step 5
Reason: Missing output files: step5_5.cpt, step5_5.gro; Input files updated by another job: step5_4.cpt, step5_4.gro

Waiting for more resources.
[Tue Oct 14 15:15:57 2025]
Finished jobid: 6 (Rule: production_5)
7 of 13 steps (54%) done
Select jobs to execute...
Execute 1 jobs...
[Tue Oct 14 15:15:57 2025]
Job 5: Running production step 6
Reason: Missing output files: step5_6.cpt, step5_6.gro; Input files updated by another job: step5_5.cpt, step5_5.gro

Waiting for more resources.
[Tue Oct 14 15:17:04 2025]
Finished jobid: 5 (Rule: production_6)
8 of 13 steps (62%) done
Select jobs to execute...
Execute 1 jobs...
[Tue Oct 14 15:17:04 2025]
Job 4: Running production step 7
Reason: Missing output files: step5_7.gro, step5_7.cpt; Input files updated by another job: step5_6.cpt, step5_6.gro

Waiting for more resources.
[Tue Oct 14 15:18:12 2025]
Finished jobid: 4 (Rule: production_7)
9 of 13 steps (69%) done
Select jobs to execute...
Execute 1 jobs...
[Tue Oct 14 15:18:12 2025]
Job 3: Running production step 8
Reason: Missing output files: step5_8.gro, step5_8.cpt; Input files updated by another job: step5_7.gro, step5_7.cpt

Waiting for more resources.
[Tue Oct 14 15:19:16 2025]
Finished jobid: 3 (Rule: production_8)
10 of 13 steps (77%) done
Select jobs to execute...
Execute 1 jobs...
[Tue Oct 14 15:19:16 2025]
Job 2: Running production step 9
Reason: Missing output files: step5_9.gro, step5_9.cpt; Input files updated by another job: step5_8.gro, step5_8.cpt

Waiting for more resources.
[Tue Oct 14 15:20:20 2025]
Finished jobid: 2 (Rule: production_9)
11 of 13 steps (85%) done
Select jobs to execute...
Execute 1 jobs...
[Tue Oct 14 15:20:20 2025]
Job 1: Running production step 10
Reason: Missing output files: step5_10.gro; Input files updated by another job: step5_9.gro, step5_9.cpt

Waiting for more resources.
[Tue Oct 14 15:21:23 2025]
Finished jobid: 1 (Rule: production_10)
12 of 13 steps (92%) done
Select jobs to execute...
Execute 1 jobs...
[Tue Oct 14 15:21:23 2025]
Job 0: All steps completed successfully
Reason: Input files updated by another job: step5_10.gro

Waiting for more resources.
[Tue Oct 14 15:21:23 2025]
Finished jobid: 0 (Rule: all)
13 of 13 steps (100%) done
Complete log(s): /Users/michael.dondrup/Downloads/charmm-gui-6035451184/gromacs/.snakemake/log/2025-10-14T151024.438263.snakemake.log
