Assuming unrestricted shared filesystem usage.
None
host: m62hfk4q5n
Building DAG of jobs...
CyclicGraphException in rule minimize in file "/Users/michael.dondrup/Downloads/charmm-gui-6035451184/gromacs/Snakefile", line 19:
Cyclic dependency on rule minimize.

Using shell: /bin/bash
Provided cores: 10
Rules claiming more threads will be scaled down.
Job stats:
job         count
--------  -------
minimize        1
total           1

Select jobs to execute...
Execute 1 jobs...
[Tue Oct 14 12:32:00 2025]
localrule minimize:
    input: topol.top, step4.0_minimization.gro, step4.0_minimization.mdp, step3_input.gro, index.ndx
    output: step4.0_minimization.tpr, step4.0_minimization.gro, step4.0_minimization.log, step4.0_minimization.edr
    log: logs/step4.0_minimization.log
    jobid: 0
    reason: Updated input files: step4.0_minimization.gro
    resources: tmpdir=/var/folders/82/r9fmn2fx27v_rc8gv8m59hz80000gn/T

Waiting at most 5 seconds for missing files:
step4.0_minimization.gro (missing locally)
WorkflowError in rule minimize in file "/Users/michael.dondrup/Downloads/charmm-gui-6035451184/gromacs/Snakefile", line 19:
OSError: Missing files after 5 seconds. This might be due to filesystem latency. If that is the case, consider to increase the wait time with --latency-wait:
step4.0_minimization.gro (missing locally, parent dir not present)
