Assuming unrestricted shared filesystem usage.
None
host: m62hfk4q5n
Building DAG of jobs...
Using shell: /bin/bash
Provided cores: 10
Rules claiming more threads will be scaled down.
Job stats:
job              count
-------------  -------
all                  1
equilibrate          1
minimize             1
production_1         1
production_10        1
production_2         1
production_3         1
production_4         1
production_5         1
production_6         1
production_7         1
production_8         1
production_9         1
total               13

Select jobs to execute...
Execute 1 jobs...
[Tue Oct 14 15:06:57 2025]
Job 12: Running energy minimization
Reason: Code has changed since last execution

Waiting for more resources.
[Tue Oct 14 15:07:09 2025]
Finished jobid: 12 (Rule: minimize)
1 of 13 steps (8%) done
Select jobs to execute...
Execute 1 jobs...
[Tue Oct 14 15:07:09 2025]
Job 11: Running equilibration
Reason: Input files updated by another job: step4.0_minimization.gro

Waiting for more resources.
Terminating processes on user request, this might take some time.
