Assuming unrestricted shared filesystem usage.
None
host: m62hfk4q5n
Building DAG of jobs...
Using shell: /bin/bash
Provided cores: 1 (use --cores to define parallelism)
Rules claiming more threads will be scaled down.
Job stats:
job      count
-----  -------
clean        1
total        1

Select jobs to execute...
Execute 1 jobs...
[Tue Oct 14 13:09:27 2025]
localrule clean:
    jobid: 0
    reason: Rules with neither input nor output files are always executed.
    resources: tmpdir=/var/folders/82/r9fmn2fx27v_rc8gv8m59hz80000gn/T

Waiting for more resources.
[Tue Oct 14 13:09:27 2025]
Finished jobid: 0 (Rule: clean)
1 of 1 steps (100%) done
Complete log(s): /Users/michael.dondrup/Downloads/charmm-gui-6035451184/gromacs/.snakemake/log/2025-10-14T130927.195136.snakemake.log
