Assuming unrestricted shared filesystem usage.
None
host: m62hfk4q5n
Building DAG of jobs...
Using shell: /bin/bash
Provided cores: 10
Rules claiming more threads will be scaled down.
Job stats:
job         count
--------  -------
minimize        1
total           1

Select jobs to execute...
Execute 1 jobs...
[Tue Oct 14 12:46:48 2025]
localrule minimize:
    input: topol.top, step4.0_minimization.mdp, step3_input.gro, index.ndx
    output: step4.0_minimization.tpr, step4.0_minimization.edr
    log: logs/step4.0_minimization.log
    jobid: 0
    reason: Missing output files: step4.0_minimization.tpr, step4.0_minimization.edr
    resources: tmpdir=/var/folders/82/r9fmn2fx27v_rc8gv8m59hz80000gn/T

Waiting for more resources.
[Tue Oct 14 12:46:59 2025]
Finished jobid: 0 (Rule: minimize)
1 of 1 steps (100%) done
Complete log(s): /Users/michael.dondrup/Downloads/charmm-gui-6035451184/gromacs/.snakemake/log/2025-10-14T124648.198908.snakemake.log
