Assuming unrestricted shared filesystem usage.
None
host: m62hfk4q5n
Building DAG of jobs...
Using shell: /bin/bash
Provided cores: 10
Rules claiming more threads will be scaled down.
Job stats:
job              count
-------------  -------
all                  1
production_1         1
production_10        1
production_2         1
production_3         1
production_4         1
production_5         1
production_6         1
production_7         1
production_8         1
production_9         1
total               11

Select jobs to execute...
Execute 1 jobs...
[Tue Oct 14 14:55:00 2025]
Job 10: Running production step 1
Reason: Missing output files: step5_1.cpt, step5_1.gro; Code has changed since last execution

Waiting for more resources.
[Tue Oct 14 14:55:53 2025]
Finished jobid: 10 (Rule: production_1)
1 of 11 steps (9%) done
Select jobs to execute...
Execute 1 jobs...
[Tue Oct 14 14:55:53 2025]
Job 9: Running production step 2
Reason: Missing output files: step5_2.cpt, step5_2.gro; Input files updated by another job: step5_1.cpt, step5_1.gro

Waiting for more resources.
[Tue Oct 14 14:56:48 2025]
Finished jobid: 9 (Rule: production_2)
2 of 11 steps (18%) done
Select jobs to execute...
Execute 1 jobs...
[Tue Oct 14 14:56:48 2025]
Job 8: Running production step 3
Reason: Missing output files: step5_3.cpt, step5_3.gro; Input files updated by another job: step5_2.cpt, step5_2.gro

Waiting for more resources.
[Tue Oct 14 14:57:43 2025]
Finished jobid: 8 (Rule: production_3)
3 of 11 steps (27%) done
Select jobs to execute...
Execute 1 jobs...
[Tue Oct 14 14:57:43 2025]
Job 7: Running production step 4
Reason: Missing output files: step5_4.cpt, step5_4.gro; Input files updated by another job: step5_3.cpt, step5_3.gro

Waiting for more resources.
[Tue Oct 14 14:58:39 2025]
Finished jobid: 7 (Rule: production_4)
4 of 11 steps (36%) done
Select jobs to execute...
Execute 1 jobs...
[Tue Oct 14 14:58:39 2025]
Job 6: Running production step 5
Reason: Missing output files: step5_5.gro, step5_5.cpt; Input files updated by another job: step5_4.cpt, step5_4.gro

Waiting for more resources.
[Tue Oct 14 14:59:41 2025]
Finished jobid: 6 (Rule: production_5)
5 of 11 steps (45%) done
Select jobs to execute...
Execute 1 jobs...
[Tue Oct 14 14:59:41 2025]
Job 5: Running production step 6
Reason: Missing output files: step5_6.gro, step5_6.cpt; Input files updated by another job: step5_5.gro, step5_5.cpt

Waiting for more resources.
[Tue Oct 14 15:00:38 2025]
Finished jobid: 5 (Rule: production_6)
6 of 11 steps (55%) done
Select jobs to execute...
Execute 1 jobs...
[Tue Oct 14 15:00:38 2025]
Job 4: Running production step 7
Reason: Missing output files: step5_7.gro, step5_7.cpt; Input files updated by another job: step5_6.gro, step5_6.cpt

Waiting for more resources.
[Tue Oct 14 15:01:33 2025]
Finished jobid: 4 (Rule: production_7)
7 of 11 steps (64%) done
Select jobs to execute...
Execute 1 jobs...
[Tue Oct 14 15:01:33 2025]
Job 3: Running production step 8
Reason: Missing output files: step5_8.gro, step5_8.cpt; Input files updated by another job: step5_7.gro, step5_7.cpt

Waiting for more resources.
[Tue Oct 14 15:02:31 2025]
Finished jobid: 3 (Rule: production_8)
8 of 11 steps (73%) done
Select jobs to execute...
Execute 1 jobs...
[Tue Oct 14 15:02:31 2025]
Job 2: Running production step 9
Reason: Missing output files: step5_9.cpt, step5_9.gro; Input files updated by another job: step5_8.gro, step5_8.cpt

Waiting for more resources.
[Tue Oct 14 15:03:43 2025]
Finished jobid: 2 (Rule: production_9)
9 of 11 steps (82%) done
Select jobs to execute...
Execute 1 jobs...
[Tue Oct 14 15:03:43 2025]
Job 1: Running production step 10
Reason: Missing output files: step5_10.gro; Input files updated by another job: step5_9.cpt, step5_9.gro

Waiting for more resources.
[Tue Oct 14 15:04:51 2025]
Finished jobid: 1 (Rule: production_10)
10 of 11 steps (91%) done
Select jobs to execute...
Execute 1 jobs...
[Tue Oct 14 15:04:51 2025]
Job 0: All steps completed successfully
Reason: Input files updated by another job: step5_10.gro

Waiting for more resources.
[Tue Oct 14 15:04:51 2025]
Finished jobid: 0 (Rule: all)
11 of 11 steps (100%) done
Complete log(s): /Users/michael.dondrup/Downloads/charmm-gui-6035451184/gromacs/.snakemake/log/2025-10-14T145459.753496.snakemake.log
